2025-08-12 13:28:33,714 - __main__ - INFO - ================================================================================
2025-08-12 13:28:33,715 - __main__ - INFO - PROMPT RUNNER V2 - Starting
2025-08-12 13:28:33,715 - __main__ - INFO - Client ID: 38cfc7c1-cd5c-4398-b2f1-3bc1a4815786
2025-08-12 13:28:33,716 - __main__ - INFO - ================================================================================
2025-08-12 13:28:33,716 - __main__ - INFO - 🎭 DRY-RUN MODE ENABLED
2025-08-12 13:28:33,719 - services.service_factory - INFO - 🎭 Creating MockRunPodManager for dry-run mode
2025-08-12 13:28:33,720 - services.mock_runpod_manager - INFO - ℹ️ [DRY-RUN] Simulated RunPod instance info: {'pod_id': 'dry-run-pod-12345', 'pod_hostname': 'dry-run-host.runpod.io', 'gpu_count': '1', 'cpu_count': '8', 'mem_gb': '32', 'public_ip': '203.0.113.1', 'api_key': 'SIMULATED'}
2025-08-12 13:28:33,720 - __main__ - INFO - RunPod Instance: {'pod_id': 'dry-run-pod-12345', 'pod_hostname': 'dry-run-host.runpod.io', 'gpu_count': '1', 'cpu_count': '8', 'mem_gb': '32', 'public_ip': '203.0.113.1', 'api_key': 'SIMULATED'}
2025-08-12 13:28:33,720 - services.mock_runpod_manager - INFO - 💓 [DRY-RUN] Simulated system health - CPU: 15.5%, RAM: 45.2%, Disk: 32.1%
2025-08-12 13:28:33,726 - services.service_factory - INFO - 🗄️ Creating MockStorageManager for dry-run mode
2025-08-12 13:28:33,726 - services.mock_storage_manager - INFO - 🗄️ MockStorageManager initialized
2025-08-12 13:28:33,728 - services.mock_storage_manager - INFO - 💽 [DRY-RUN] Disk space check for prompt '_global_check': 275.9GB available
2025-08-12 13:28:33,732 - utils.file_parser - INFO - Successfully parsed prompt file: PromptData(video=2025-05-02_19-39-31_UTC, frames=52)
2025-08-12 13:28:33,732 - utils.file_parser - INFO - Found 1 valid prompt files
2025-08-12 13:28:33,732 - __main__ - INFO - Found 1 prompt file(s) to process
2025-08-12 13:28:33,735 - services.service_factory - INFO - 🎭 Creating MockComfyUIClient for dry-run mode
2025-08-12 13:28:33,735 - services.mock_comfyui_client - INFO - 🎭 MockComfyUIClient initialized for 127.0.0.1:8188
2025-08-12 13:28:33,735 - services.service_factory - INFO - 🗄️ Creating MockStorageManager for dry-run mode
2025-08-12 13:28:33,735 - services.mock_storage_manager - INFO - 🗄️ MockStorageManager initialized
2025-08-12 13:28:33,735 - services.service_factory - INFO - 🗄️ Creating MockStorageManager for dry-run mode
2025-08-12 13:28:33,736 - services.mock_storage_manager - INFO - 🗄️ MockStorageManager initialized
2025-08-12 13:28:33,736 - services.workflow_manager - INFO - Loaded workflow from prompt.json
2025-08-12 13:28:33,737 - services.workflow_manager - INFO - Loaded workflow from combine.json
2025-08-12 13:28:33,737 - __main__ - INFO - 
Processing: prompt_files/1.txt
2025-08-12 13:28:33,738 - __main__ - INFO - ================================================================================
2025-08-12 13:28:33,738 - __main__ - INFO - NAME: 20250812_132833
2025-08-12 13:28:33,738 - __main__ - INFO - PROCESSING: 2025-05-02_19-39-31_UTC
2025-08-12 13:28:33,738 - __main__ - INFO - Total frames: 52
2025-08-12 13:28:33,738 - __main__ - INFO - ================================================================================
2025-08-12 13:28:33,738 - __main__ - INFO - Frames per chunk: 21
2025-08-12 13:28:33,738 - services.service_factory - INFO - 🗄️ Creating MockStorageManager for dry-run mode
2025-08-12 13:28:33,738 - services.mock_storage_manager - INFO - 🗄️ MockStorageManager initialized
2025-08-12 13:28:33,739 - utils.job_planner - INFO - Planning 3 job pairs for 52 total frames (21 per chunk)
2025-08-12 13:28:33,750 - __main__ - ERROR - Error processing prompt_files/1.txt: 'MockStorageManager' object has no attribute 'get_video_full_path'
2025-08-12 13:28:33,750 - __main__ - INFO - ================================================================================
2025-08-12 13:28:33,751 - __main__ - INFO - PROMPT RUNNER V2 - Complete
2025-08-12 13:28:33,751 - __main__ - INFO - Successful: 0
2025-08-12 13:28:33,751 - __main__ - INFO - Failed: 1
2025-08-12 13:28:33,751 - __main__ - INFO - ================================================================================
2025-08-12 13:28:33,793 - __main__ - INFO - Disk usage for last prompt: {'latents': 0.0, 'videos': 0.0, 'references': 0.0, 'combined': 0.0, 'final': 0.0, 'state': 0.0, 'total': 0.0, 'dry_run_temp': 3.984197974205017e-06}
2025-08-12 13:28:33,793 - __main__ - INFO - ================================================================================
2025-08-12 13:28:33,793 - __main__ - INFO - DRY-RUN SUMMARY
2025-08-12 13:28:33,794 - __main__ - INFO - ================================================================================
2025-08-12 13:28:33,794 - __main__ - INFO - 🗂️ Temp directory: N/A
2025-08-12 13:28:33,794 - __main__ - INFO - 📄 Workflows generated: 0
2025-08-12 13:28:33,794 - __main__ - INFO - ☁️ Simulated GCS uploads: 0
2025-08-12 13:28:33,794 - __main__ - INFO - 📁 Simulated file copies: 0
2025-08-12 13:28:33,794 - __main__ - INFO - ================================================================================
2025-08-12 13:28:33,794 - services.dry_run_manager - INFO - 🗂️ Dry-run files preserved at: output/dry-run/session_20250812_132833
2025-08-12 13:28:33,795 - services.dry_run_manager - INFO - 📊 Session contained 0 workflows and 0 HTTP payloads
2025-08-12 13:28:33,805 - services.dry_run_manager - INFO - 💾 Total dry-run output size: 0.01 MB
2025-08-12 13:28:33,805 - __main__ - INFO - RunPod instance will remain running
