2025-08-11 16:19:57,823 - __main__ - INFO - ================================================================================
2025-08-11 16:19:57,824 - __main__ - INFO - PROMPT RUNNER V2 - Starting
2025-08-11 16:19:57,824 - __main__ - INFO - Client ID: d7537ba0-3cd8-44f4-ae9b-e9de84e2154b
2025-08-11 16:19:57,824 - __main__ - INFO - ================================================================================
2025-08-11 16:19:57,824 - __main__ - INFO - 🎭 DRY-RUN MODE ENABLED
2025-08-11 16:19:57,827 - services.service_factory - INFO - 🎭 Creating MockRunPodManager for dry-run mode
2025-08-11 16:19:57,827 - services.mock_runpod_manager - INFO - ℹ️ [DRY-RUN] Simulated RunPod instance info: {'pod_id': 'dry-run-pod-12345', 'pod_hostname': 'dry-run-host.runpod.io', 'gpu_count': '1', 'cpu_count': '8', 'mem_gb': '32', 'public_ip': '203.0.113.1', 'api_key': 'SIMULATED'}
2025-08-11 16:19:57,827 - __main__ - INFO - RunPod Instance: {'pod_id': 'dry-run-pod-12345', 'pod_hostname': 'dry-run-host.runpod.io', 'gpu_count': '1', 'cpu_count': '8', 'mem_gb': '32', 'public_ip': '203.0.113.1', 'api_key': 'SIMULATED'}
2025-08-11 16:19:57,828 - services.mock_runpod_manager - INFO - 💓 [DRY-RUN] Simulated system health - CPU: 15.5%, RAM: 45.2%, Disk: 32.1%
2025-08-11 16:19:57,830 - services.service_factory - INFO - 🗄️ Creating MockStorageManager for dry-run mode
2025-08-11 16:19:57,830 - services.mock_storage_manager - INFO - 🗄️ MockStorageManager initialized
2025-08-11 16:19:57,835 - services.mock_storage_manager - INFO - 💽 [DRY-RUN] Disk space check: 276.3GB available
2025-08-11 16:19:57,839 - utils.file_parser - INFO - Successfully parsed prompt file: PromptData(video=2025-05-02_19-39-31_UTC, frames=500)
2025-08-11 16:19:57,839 - utils.file_parser - INFO - Found 1 valid prompt files
2025-08-11 16:19:57,839 - __main__ - INFO - Found 1 prompt file(s) to process
2025-08-11 16:19:57,842 - services.service_factory - INFO - 🎭 Creating MockComfyUIClient for dry-run mode
2025-08-11 16:19:57,842 - services.mock_comfyui_client - INFO - 🎭 MockComfyUIClient initialized for 127.0.0.1:8188
2025-08-11 16:19:57,842 - services.service_factory - INFO - 🗄️ Creating MockStorageManager for dry-run mode
2025-08-11 16:19:57,842 - services.mock_storage_manager - INFO - 🗄️ MockStorageManager initialized
2025-08-11 16:19:57,842 - services.service_factory - INFO - 🗄️ Creating MockStorageManager for dry-run mode
2025-08-11 16:19:57,842 - services.mock_storage_manager - INFO - 🗄️ MockStorageManager initialized
2025-08-11 16:19:57,843 - services.workflow_manager - INFO - Loaded workflow from prompt.json
2025-08-11 16:19:57,844 - services.workflow_manager - INFO - Loaded workflow from combine.json
2025-08-11 16:19:57,844 - __main__ - INFO - 
Processing: prompt_files/1.txt
2025-08-11 16:19:57,844 - __main__ - INFO - ================================================================================
2025-08-11 16:19:57,845 - __main__ - INFO - PROCESSING: 2025-05-02_19-39-31_UTC
2025-08-11 16:19:57,845 - __main__ - INFO - Total frames: 500
2025-08-11 16:19:57,845 - __main__ - INFO - ================================================================================
2025-08-11 16:19:57,845 - __main__ - INFO - Frames per chunk: 101
2025-08-11 16:19:57,845 - utils.job_planner - INFO - Planning 5 job pairs for 500 total frames (101 per chunk)
2025-08-11 16:19:57,845 - __main__ - ERROR - Error processing prompt_files/1.txt: RenderJob.__init__() got an unexpected keyword argument 'job_type'
2025-08-11 16:19:57,845 - __main__ - INFO - ================================================================================
2025-08-11 16:19:57,845 - __main__ - INFO - PROMPT RUNNER V2 - Complete
2025-08-11 16:19:57,845 - __main__ - INFO - Successful: 0
2025-08-11 16:19:57,845 - __main__ - INFO - Failed: 1
2025-08-11 16:19:57,845 - __main__ - INFO - ================================================================================
2025-08-11 16:19:57,880 - __main__ - INFO - Disk usage: {'latents': 0.0, 'videos': 0.0, 'references': 0.0, 'combined': 0.0, 'final': 0.0, 'total': 0.0, 'dry_run_temp': 3.700144588947296e-06}
2025-08-11 16:19:57,881 - __main__ - INFO - ================================================================================
2025-08-11 16:19:57,881 - __main__ - INFO - DRY-RUN SUMMARY
2025-08-11 16:19:57,881 - __main__ - INFO - ================================================================================
2025-08-11 16:19:57,881 - __main__ - INFO - 🗂️ Temp directory: N/A
2025-08-11 16:19:57,881 - __main__ - INFO - 📄 Workflows generated: 0
2025-08-11 16:19:57,881 - __main__ - INFO - ☁️ Simulated GCS uploads: 0
2025-08-11 16:19:57,881 - __main__ - INFO - 📁 Simulated file copies: 0
2025-08-11 16:19:57,881 - __main__ - INFO - ================================================================================
2025-08-11 16:19:57,882 - services.dry_run_manager - INFO - 🗂️ Dry-run files preserved at: output/dry-run/session_20250811_161957
2025-08-11 16:19:57,882 - services.dry_run_manager - INFO - 📊 Session contained 0 workflows and 0 HTTP payloads
2025-08-11 16:19:57,891 - services.dry_run_manager - INFO - 💾 Total dry-run output size: 0.00 MB
2025-08-11 16:19:57,891 - __main__ - INFO - RunPod instance will remain running
