2025-08-11 19:19:08,132 - __main__ - INFO - ================================================================================
2025-08-11 19:19:08,132 - __main__ - INFO - PROMPT RUNNER V2 - Starting
2025-08-11 19:19:08,132 - __main__ - INFO - Client ID: 27d672d2-4ffb-44c7-9776-320428f39060
2025-08-11 19:19:08,133 - __main__ - INFO - ================================================================================
2025-08-11 19:19:08,133 - __main__ - INFO - 🎭 DRY-RUN MODE ENABLED
2025-08-11 19:19:08,135 - services.service_factory - INFO - 🎭 Creating MockRunPodManager for dry-run mode
2025-08-11 19:19:08,135 - services.mock_runpod_manager - INFO - ℹ️ [DRY-RUN] Simulated RunPod instance info: {'pod_id': 'dry-run-pod-12345', 'pod_hostname': 'dry-run-host.runpod.io', 'gpu_count': '1', 'cpu_count': '8', 'mem_gb': '32', 'public_ip': '203.0.113.1', 'api_key': 'SIMULATED'}
2025-08-11 19:19:08,135 - __main__ - INFO - RunPod Instance: {'pod_id': 'dry-run-pod-12345', 'pod_hostname': 'dry-run-host.runpod.io', 'gpu_count': '1', 'cpu_count': '8', 'mem_gb': '32', 'public_ip': '203.0.113.1', 'api_key': 'SIMULATED'}
2025-08-11 19:19:08,135 - services.mock_runpod_manager - INFO - 💓 [DRY-RUN] Simulated system health - CPU: 15.5%, RAM: 45.2%, Disk: 32.1%
2025-08-11 19:19:08,139 - services.service_factory - INFO - 🗄️ Creating MockStorageManager for dry-run mode
2025-08-11 19:19:08,139 - services.mock_storage_manager - INFO - 🗄️ MockStorageManager initialized
2025-08-11 19:19:08,141 - services.mock_storage_manager - INFO - 💽 [DRY-RUN] Disk space check for prompt '_global_check': 276.5GB available
2025-08-11 19:19:08,145 - utils.file_parser - INFO - Successfully parsed prompt file: PromptData(video=2025-05-02_19-39-31_UTC, frames=500)
2025-08-11 19:19:08,145 - utils.file_parser - INFO - Found 1 valid prompt files
2025-08-11 19:19:08,145 - __main__ - INFO - Found 1 prompt file(s) to process
2025-08-11 19:19:08,147 - services.service_factory - INFO - 🎭 Creating MockComfyUIClient for dry-run mode
2025-08-11 19:19:08,148 - services.mock_comfyui_client - INFO - 🎭 MockComfyUIClient initialized for 127.0.0.1:8188
2025-08-11 19:19:08,148 - services.service_factory - INFO - 🗄️ Creating MockStorageManager for dry-run mode
2025-08-11 19:19:08,148 - services.mock_storage_manager - INFO - 🗄️ MockStorageManager initialized
2025-08-11 19:19:08,148 - services.service_factory - INFO - 🗄️ Creating MockStorageManager for dry-run mode
2025-08-11 19:19:08,148 - services.mock_storage_manager - INFO - 🗄️ MockStorageManager initialized
2025-08-11 19:19:08,149 - services.workflow_manager - INFO - Loaded workflow from prompt.json
2025-08-11 19:19:08,150 - services.workflow_manager - INFO - Loaded workflow from combine.json
2025-08-11 19:19:08,150 - __main__ - INFO - 
Processing: prompt_files/1.txt
2025-08-11 19:19:08,150 - __main__ - INFO - ================================================================================
2025-08-11 19:19:08,150 - __main__ - INFO - NAME: 20250811_191908
2025-08-11 19:19:08,150 - __main__ - INFO - PROCESSING: 2025-05-02_19-39-31_UTC
2025-08-11 19:19:08,150 - __main__ - INFO - Total frames: 500
2025-08-11 19:19:08,150 - __main__ - INFO - ================================================================================
2025-08-11 19:19:08,150 - __main__ - INFO - Frames per chunk: 101
2025-08-11 19:19:08,151 - services.service_factory - INFO - 🗄️ Creating MockStorageManager for dry-run mode
2025-08-11 19:19:08,151 - services.mock_storage_manager - INFO - 🗄️ MockStorageManager initialized
2025-08-11 19:19:08,151 - utils.job_planner - INFO - Planning 5 job pairs for 500 total frames (101 per chunk)
2025-08-11 19:19:08,151 - services.mock_storage_manager - DEBUG - [DRY-RUN] Ensured directory exists: output/prompt-runner/20250811_191908
2025-08-11 19:19:08,152 - services.mock_storage_manager - DEBUG - [DRY-RUN] Ensured directory exists: output/prompt-runner/20250811_191908/latents
2025-08-11 19:19:08,153 - services.mock_storage_manager - DEBUG - [DRY-RUN] Ensured directory exists: output/prompt-runner/20250811_191908/videos
2025-08-11 19:19:08,155 - services.mock_storage_manager - DEBUG - [DRY-RUN] Ensured directory exists: output/prompt-runner/20250811_191908/references
2025-08-11 19:19:08,156 - services.mock_storage_manager - DEBUG - [DRY-RUN] Ensured directory exists: output/prompt-runner/20250811_191908/combined
2025-08-11 19:19:08,157 - services.mock_storage_manager - DEBUG - [DRY-RUN] Ensured directory exists: output/prompt-runner/20250811_191908/final
2025-08-11 19:19:08,158 - services.mock_storage_manager - DEBUG - [DRY-RUN] Ensured directory exists: output/prompt-runner/20250811_191908/state
2025-08-11 19:19:08,237 - utils.job_planner - INFO - ============================================================
2025-08-11 19:19:08,237 - utils.job_planner - INFO - JOB EXECUTION PLAN
2025-08-11 19:19:08,237 - utils.job_planner - INFO - ============================================================
2025-08-11 19:19:08,237 - utils.job_planner - INFO - Total render jobs: 10
2025-08-11 19:19:08,237 - utils.job_planner - INFO - Total combine jobs: 5
2025-08-11 19:19:08,237 - utils.job_planner - INFO -   RenderJob(HIGH #1, frames 0-101) [ref: output/prompt-runner/20250811_191908/references/job_000_ref.png]
2025-08-11 19:19:08,238 - utils.job_planner - INFO -   RenderJob(LOW #2, frames 0-101) [ref: output/prompt-runner/20250811_191908/references/job_000_ref.png]
2025-08-11 19:19:08,238 - utils.job_planner - INFO -   RenderJob(HIGH #3, frames 101-202) [ref: output/prompt-runner/20250811_191908/references/job_002_ref.png]
2025-08-11 19:19:08,238 - utils.job_planner - INFO -   RenderJob(LOW #4, frames 101-202) [ref: output/prompt-runner/20250811_191908/references/job_002_ref.png]
2025-08-11 19:19:08,238 - utils.job_planner - INFO -   RenderJob(HIGH #5, frames 202-303) [ref: output/prompt-runner/20250811_191908/references/job_004_ref.png]
2025-08-11 19:19:08,238 - utils.job_planner - INFO -   RenderJob(LOW #6, frames 202-303) [ref: output/prompt-runner/20250811_191908/references/job_004_ref.png]
2025-08-11 19:19:08,238 - utils.job_planner - INFO -   RenderJob(HIGH #7, frames 303-404) [ref: output/prompt-runner/20250811_191908/references/job_006_ref.png]
2025-08-11 19:19:08,238 - utils.job_planner - INFO -   RenderJob(LOW #8, frames 303-404) [ref: output/prompt-runner/20250811_191908/references/job_006_ref.png]
2025-08-11 19:19:08,239 - utils.job_planner - INFO -   RenderJob(HIGH #9, frames 404-500) [ref: output/prompt-runner/20250811_191908/references/job_008_ref.png]
2025-08-11 19:19:08,239 - utils.job_planner - INFO -   RenderJob(LOW #10, frames 404-500) [ref: output/prompt-runner/20250811_191908/references/job_008_ref.png]
2025-08-11 19:19:08,239 - utils.job_planner - INFO - ----------------------------------------
2025-08-11 19:19:08,239 - utils.job_planner - INFO -   CombineJob(#1 for 2025-05-02_19-39-31_UTC): output/prompt-runner/20250811_191908/videos/job_002.mp4 -> output/prompt-runner/20250811_191908/combined/combined_001.mp4
2025-08-11 19:19:08,239 - utils.job_planner - INFO -   CombineJob(#2 for 2025-05-02_19-39-31_UTC): output/prompt-runner/20250811_191908/videos/job_004.mp4 + output/prompt-runner/20250811_191908/combined/combined_001.mp4 -> output/prompt-runner/20250811_191908/combined/combined_002.mp4
2025-08-11 19:19:08,239 - utils.job_planner - INFO -   CombineJob(#3 for 2025-05-02_19-39-31_UTC): output/prompt-runner/20250811_191908/videos/job_006.mp4 + output/prompt-runner/20250811_191908/combined/combined_002.mp4 -> output/prompt-runner/20250811_191908/combined/combined_003.mp4
2025-08-11 19:19:08,239 - utils.job_planner - INFO -   CombineJob(#4 for 2025-05-02_19-39-31_UTC): output/prompt-runner/20250811_191908/videos/job_008.mp4 + output/prompt-runner/20250811_191908/combined/combined_003.mp4 -> output/prompt-runner/20250811_191908/combined/combined_004.mp4
2025-08-11 19:19:08,239 - utils.job_planner - INFO -   CombineJob(#5 for 2025-05-02_19-39-31_UTC): output/prompt-runner/20250811_191908/videos/job_010.mp4 + output/prompt-runner/20250811_191908/combined/combined_004.mp4 -> output/prompt-runner/20250811_191908/combined/combined_005.mp4
2025-08-11 19:19:08,240 - utils.job_planner - INFO - ============================================================
2025-08-11 19:19:08,242 - __main__ - INFO - 🔧 Generating workflows for dry-run analysis...
2025-08-11 19:19:08,242 - services.service_factory - INFO - 🗄️ Creating MockStorageManager for dry-run mode
2025-08-11 19:19:08,242 - services.mock_storage_manager - INFO - 🗄️ MockStorageManager initialized
2025-08-11 19:19:08,243 - services.workflow_manager - INFO - Loaded workflow from prompt.json
2025-08-11 19:19:08,244 - services.workflow_manager - INFO - Loaded workflow from combine.json
2025-08-11 19:19:08,244 - services.workflow_manager - DEBUG - Deleted reference images node for job 1
2025-08-11 19:19:08,244 - services.workflow_manager - DEBUG - Deleted samples node 54 for HIGH job
2025-08-11 19:19:08,244 - services.workflow_manager - DEBUG - Deleted samples node 54 for HIGH job
2025-08-11 19:19:08,245 - services.workflow_manager - DEBUG - Set positive and negative prompt in node 53
2025-08-11 19:19:08,245 - services.workflow_manager - INFO - Modified workflow for HIGH job #1
2025-08-11 19:19:08,246 - services.dry_run_manager - INFO - 📝 Saved workflow: workflow_001_high_noise_render.json (high_noise_render job)
2025-08-11 19:19:08,246 - services.workflow_manager - DEBUG - Deleted latent node 365 for LOW job
2025-08-11 19:19:08,246 - services.workflow_manager - DEBUG - Set positive and negative prompt in node 53
2025-08-11 19:19:08,246 - services.workflow_manager - INFO - Modified workflow for LOW job #2
2025-08-11 19:19:08,248 - services.dry_run_manager - INFO - 📝 Saved workflow: workflow_002_low_noise_render.json (low_noise_render job)
2025-08-11 19:19:08,248 - services.workflow_manager - DEBUG - Set reference image: output/prompt-runner/20250811_191908/references/job_002_ref.png
2025-08-11 19:19:08,248 - services.workflow_manager - DEBUG - Deleted samples node 54 for HIGH job
2025-08-11 19:19:08,248 - services.workflow_manager - DEBUG - Deleted samples node 54 for HIGH job
2025-08-11 19:19:08,248 - services.workflow_manager - DEBUG - Set positive and negative prompt in node 53
2025-08-11 19:19:08,248 - services.workflow_manager - INFO - Modified workflow for HIGH job #3
2025-08-11 19:19:08,254 - services.dry_run_manager - INFO - 📝 Saved workflow: workflow_003_high_noise_render.json (high_noise_render job)
2025-08-11 19:19:08,254 - services.workflow_manager - DEBUG - Deleted latent node 365 for LOW job
2025-08-11 19:19:08,254 - services.workflow_manager - DEBUG - Set reference image: output/prompt-runner/20250811_191908/references/job_002_ref.png
2025-08-11 19:19:08,255 - services.workflow_manager - DEBUG - Set positive and negative prompt in node 53
2025-08-11 19:19:08,255 - services.workflow_manager - INFO - Modified workflow for LOW job #4
2025-08-11 19:19:08,275 - services.dry_run_manager - INFO - 📝 Saved workflow: workflow_004_low_noise_render.json (low_noise_render job)
2025-08-11 19:19:08,276 - services.workflow_manager - DEBUG - Set reference image: output/prompt-runner/20250811_191908/references/job_004_ref.png
2025-08-11 19:19:08,277 - services.workflow_manager - DEBUG - Deleted samples node 54 for HIGH job
2025-08-11 19:19:08,277 - services.workflow_manager - DEBUG - Deleted samples node 54 for HIGH job
2025-08-11 19:19:08,277 - services.workflow_manager - DEBUG - Set positive and negative prompt in node 53
2025-08-11 19:19:08,278 - services.workflow_manager - INFO - Modified workflow for HIGH job #5
2025-08-11 19:19:08,283 - services.dry_run_manager - INFO - 📝 Saved workflow: workflow_005_high_noise_render.json (high_noise_render job)
2025-08-11 19:19:08,284 - services.workflow_manager - DEBUG - Deleted latent node 365 for LOW job
2025-08-11 19:19:08,284 - services.workflow_manager - DEBUG - Set reference image: output/prompt-runner/20250811_191908/references/job_004_ref.png
2025-08-11 19:19:08,284 - services.workflow_manager - DEBUG - Set positive and negative prompt in node 53
2025-08-11 19:19:08,284 - services.workflow_manager - INFO - Modified workflow for LOW job #6
2025-08-11 19:19:08,292 - services.dry_run_manager - INFO - 📝 Saved workflow: workflow_006_low_noise_render.json (low_noise_render job)
2025-08-11 19:19:08,292 - services.workflow_manager - DEBUG - Set reference image: output/prompt-runner/20250811_191908/references/job_006_ref.png
2025-08-11 19:19:08,292 - services.workflow_manager - DEBUG - Deleted samples node 54 for HIGH job
2025-08-11 19:19:08,293 - services.workflow_manager - DEBUG - Deleted samples node 54 for HIGH job
2025-08-11 19:19:08,293 - services.workflow_manager - DEBUG - Set positive and negative prompt in node 53
2025-08-11 19:19:08,293 - services.workflow_manager - INFO - Modified workflow for HIGH job #7
2025-08-11 19:19:08,295 - services.dry_run_manager - INFO - 📝 Saved workflow: workflow_007_high_noise_render.json (high_noise_render job)
2025-08-11 19:19:08,296 - services.workflow_manager - DEBUG - Deleted latent node 365 for LOW job
2025-08-11 19:19:08,296 - services.workflow_manager - DEBUG - Set reference image: output/prompt-runner/20250811_191908/references/job_006_ref.png
2025-08-11 19:19:08,296 - services.workflow_manager - DEBUG - Set positive and negative prompt in node 53
2025-08-11 19:19:08,296 - services.workflow_manager - INFO - Modified workflow for LOW job #8
2025-08-11 19:19:08,304 - services.dry_run_manager - INFO - 📝 Saved workflow: workflow_008_low_noise_render.json (low_noise_render job)
2025-08-11 19:19:08,304 - services.workflow_manager - DEBUG - Set reference image: output/prompt-runner/20250811_191908/references/job_008_ref.png
2025-08-11 19:19:08,304 - services.workflow_manager - DEBUG - Deleted samples node 54 for HIGH job
2025-08-11 19:19:08,304 - services.workflow_manager - DEBUG - Deleted samples node 54 for HIGH job
2025-08-11 19:19:08,304 - services.workflow_manager - DEBUG - Set positive and negative prompt in node 53
2025-08-11 19:19:08,305 - services.workflow_manager - INFO - Modified workflow for HIGH job #9
2025-08-11 19:19:08,307 - services.dry_run_manager - INFO - 📝 Saved workflow: workflow_009_high_noise_render.json (high_noise_render job)
2025-08-11 19:19:08,307 - services.workflow_manager - DEBUG - Deleted latent node 365 for LOW job
2025-08-11 19:19:08,307 - services.workflow_manager - DEBUG - Set reference image: output/prompt-runner/20250811_191908/references/job_008_ref.png
2025-08-11 19:19:08,307 - services.workflow_manager - DEBUG - Set positive and negative prompt in node 53
2025-08-11 19:19:08,308 - services.workflow_manager - INFO - Modified workflow for LOW job #10
2025-08-11 19:19:08,309 - services.dry_run_manager - INFO - 📝 Saved workflow: workflow_010_low_noise_render.json (low_noise_render job)
2025-08-11 19:19:08,310 - services.workflow_manager - DEBUG - Set input video: output/prompt-runner/20250811_191908/videos/job_002.mp4
2025-08-11 19:19:08,310 - services.workflow_manager - DEBUG - Removed image_2 node for first combine
2025-08-11 19:19:08,310 - services.workflow_manager - DEBUG - Set images input to [33, 0] for first combine
2025-08-11 19:19:08,310 - services.workflow_manager - INFO - Created combine workflow for job #1
2025-08-11 19:19:08,311 - services.dry_run_manager - INFO - 📝 Saved workflow: workflow_011_combine.json (combine job)
2025-08-11 19:19:08,311 - services.workflow_manager - DEBUG - Set input video: output/prompt-runner/20250811_191908/videos/job_004.mp4
2025-08-11 19:19:08,311 - services.workflow_manager - DEBUG - Set previous combined: output/prompt-runner/20250811_191908/combined/combined_001.mp4
2025-08-11 19:19:08,312 - services.workflow_manager - INFO - Created combine workflow for job #2
2025-08-11 19:19:08,314 - services.dry_run_manager - INFO - 📝 Saved workflow: workflow_012_combine.json (combine job)
2025-08-11 19:19:08,314 - services.workflow_manager - DEBUG - Set input video: output/prompt-runner/20250811_191908/videos/job_006.mp4
2025-08-11 19:19:08,314 - services.workflow_manager - DEBUG - Set previous combined: output/prompt-runner/20250811_191908/combined/combined_002.mp4
2025-08-11 19:19:08,315 - services.workflow_manager - INFO - Created combine workflow for job #3
2025-08-11 19:19:08,316 - services.dry_run_manager - INFO - 📝 Saved workflow: workflow_013_combine.json (combine job)
2025-08-11 19:19:08,316 - services.workflow_manager - DEBUG - Set input video: output/prompt-runner/20250811_191908/videos/job_008.mp4
2025-08-11 19:19:08,316 - services.workflow_manager - DEBUG - Set previous combined: output/prompt-runner/20250811_191908/combined/combined_003.mp4
2025-08-11 19:19:08,316 - services.workflow_manager - INFO - Created combine workflow for job #4
2025-08-11 19:19:08,317 - services.dry_run_manager - INFO - 📝 Saved workflow: workflow_014_combine.json (combine job)
2025-08-11 19:19:08,318 - services.workflow_manager - DEBUG - Set input video: output/prompt-runner/20250811_191908/videos/job_010.mp4
2025-08-11 19:19:08,318 - services.workflow_manager - DEBUG - Set previous combined: output/prompt-runner/20250811_191908/combined/combined_004.mp4
2025-08-11 19:19:08,318 - services.workflow_manager - INFO - Created combine workflow for job #5
2025-08-11 19:19:08,319 - services.dry_run_manager - INFO - 📝 Saved workflow: workflow_015_combine.json (combine job)
2025-08-11 19:19:08,319 - __main__ - INFO - 🎭 DRY RUN - Jobs planned but not executed
2025-08-11 19:19:08,319 - __main__ - INFO - 📊 Render jobs: 10, Combine jobs: 5
2025-08-11 19:19:08,319 - __main__ - INFO - ================================================================================
2025-08-11 19:19:08,319 - __main__ - INFO - PROMPT RUNNER V2 - Complete
2025-08-11 19:19:08,319 - __main__ - INFO - Successful: 1
2025-08-11 19:19:08,319 - __main__ - INFO - Failed: 0
2025-08-11 19:19:08,319 - __main__ - INFO - ================================================================================
2025-08-11 19:19:08,374 - __main__ - INFO - Disk usage for last prompt: {'latents': 0.0, 'videos': 0.0, 'references': 0.0, 'combined': 0.0, 'final': 0.0, 'state': 0.0, 'total': 0.0, 'dry_run_temp': 0.00018741562962532043}
2025-08-11 19:19:08,374 - __main__ - INFO - ================================================================================
2025-08-11 19:19:08,374 - __main__ - INFO - DRY-RUN SUMMARY
2025-08-11 19:19:08,374 - __main__ - INFO - ================================================================================
2025-08-11 19:19:08,374 - __main__ - INFO - 🗂️ Temp directory: N/A
2025-08-11 19:19:08,375 - __main__ - INFO - 📄 Workflows generated: 15
2025-08-11 19:19:08,375 - __main__ - INFO - ☁️ Simulated GCS uploads: 0
2025-08-11 19:19:08,375 - __main__ - INFO - 📁 Simulated file copies: 0
2025-08-11 19:19:08,375 - __main__ - INFO - ================================================================================
2025-08-11 19:19:08,375 - services.dry_run_manager - INFO - 🗂️ Dry-run files preserved at: output/dry-run/session_20250811_191908
2025-08-11 19:19:08,375 - services.dry_run_manager - INFO - 📊 Session contained 15 workflows and 0 HTTP payloads
2025-08-11 19:19:08,398 - services.dry_run_manager - INFO - 💾 Total dry-run output size: 0.19 MB
2025-08-11 19:19:08,398 - __main__ - INFO - RunPod instance will remain running
