2025-08-13 16:06:52,700 - __main__ - INFO - ================================================================================
2025-08-13 16:06:52,700 - __main__ - INFO - PROMPT RUNNER V2 - Starting
2025-08-13 16:06:52,700 - __main__ - INFO - Client ID: cc28a661-f87c-4c08-8c83-c8543d0323c9
2025-08-13 16:06:52,701 - __main__ - INFO - ================================================================================
2025-08-13 16:06:52,701 - __main__ - INFO - 🎭 DRY-RUN MODE ENABLED
2025-08-13 16:06:52,742 - services.service_factory - INFO - 🎭 Creating MockRunPodManager for dry-run mode
2025-08-13 16:06:52,742 - services.mock_runpod_manager - INFO - ℹ️ [DRY-RUN] Simulated RunPod instance info: {'pod_id': 'dry-run-pod-12345', 'pod_hostname': 'dry-run-host.runpod.io', 'gpu_count': '1', 'cpu_count': '8', 'mem_gb': '32', 'public_ip': '203.0.113.1', 'api_key': 'SIMULATED'}
2025-08-13 16:06:52,743 - __main__ - INFO - RunPod Instance: {'pod_id': 'dry-run-pod-12345', 'pod_hostname': 'dry-run-host.runpod.io', 'gpu_count': '1', 'cpu_count': '8', 'mem_gb': '32', 'public_ip': '203.0.113.1', 'api_key': 'SIMULATED'}
2025-08-13 16:06:52,743 - services.mock_runpod_manager - INFO - 💓 [DRY-RUN] Simulated system health - CPU: 15.5%, RAM: 45.2%, Disk: 32.1%
2025-08-13 16:06:52,748 - services.service_factory - INFO - 🗄️ Creating MockStorageManager for dry-run mode
2025-08-13 16:06:52,748 - services.mock_storage_manager - INFO - 🗄️ MockStorageManager initialized
2025-08-13 16:06:52,750 - services.mock_storage_manager - INFO - 💽 [DRY-RUN] Disk space check for prompt '_global_check': 281.6GB available
2025-08-13 16:06:52,754 - utils.file_parser - INFO - Successfully parsed prompt file: PromptData(video=2025-05-02_19-39-31_UTC, frames=230)
2025-08-13 16:06:52,754 - utils.file_parser - INFO - Found 1 valid prompt files
2025-08-13 16:06:52,754 - __main__ - INFO - Found 1 prompt file(s) to process
2025-08-13 16:06:52,759 - services.service_factory - INFO - 🎭 Creating MockComfyUIClient for dry-run mode
2025-08-13 16:06:52,759 - services.mock_comfyui_client - INFO - 🎭 MockComfyUIClient initialized for 127.0.0.1:8188
2025-08-13 16:06:52,759 - services.service_factory - INFO - 🗄️ Creating MockStorageManager for dry-run mode
2025-08-13 16:06:52,759 - services.mock_storage_manager - INFO - 🗄️ MockStorageManager initialized
2025-08-13 16:06:52,760 - services.service_factory - INFO - 🗄️ Creating MockStorageManager for dry-run mode
2025-08-13 16:06:52,760 - services.mock_storage_manager - INFO - 🗄️ MockStorageManager initialized
2025-08-13 16:06:52,761 - services.workflow_manager - INFO - Loaded workflow from prompt.json
2025-08-13 16:06:52,762 - services.workflow_manager - INFO - Loaded workflow from combine.json
2025-08-13 16:06:52,762 - __main__ - INFO - 
Processing: prompt_files/1.txt
2025-08-13 16:06:52,762 - __main__ - INFO - ================================================================================
2025-08-13 16:06:52,762 - __main__ - INFO - NAME: 20250813_160652
2025-08-13 16:06:52,762 - __main__ - INFO - PROCESSING: 2025-05-02_19-39-31_UTC
2025-08-13 16:06:52,762 - __main__ - INFO - Total frames: 230
2025-08-13 16:06:52,762 - __main__ - INFO - ================================================================================
2025-08-13 16:06:52,763 - __main__ - INFO - Frames per chunk: 101
2025-08-13 16:06:52,763 - services.service_factory - INFO - 🗄️ Creating MockStorageManager for dry-run mode
2025-08-13 16:06:52,763 - services.mock_storage_manager - INFO - 🗄️ MockStorageManager initialized
2025-08-13 16:06:52,763 - utils.job_planner - INFO - Planning 3 job pairs for 230 total frames (101 per chunk)
2025-08-13 16:06:52,764 - services.mock_storage_manager - DEBUG - [DRY-RUN] Ensured directory exists: output/prompt-runner/20250813_160652
2025-08-13 16:06:52,765 - services.mock_storage_manager - DEBUG - [DRY-RUN] Ensured directory exists: output/prompt-runner/20250813_160652/latents
2025-08-13 16:06:52,766 - services.mock_storage_manager - DEBUG - [DRY-RUN] Ensured directory exists: output/prompt-runner/20250813_160652/videos
2025-08-13 16:06:52,766 - services.mock_storage_manager - DEBUG - [DRY-RUN] Ensured directory exists: output/prompt-runner/20250813_160652/references
2025-08-13 16:06:52,767 - services.mock_storage_manager - DEBUG - [DRY-RUN] Ensured directory exists: output/prompt-runner/20250813_160652/combined
2025-08-13 16:06:52,768 - services.mock_storage_manager - DEBUG - [DRY-RUN] Ensured directory exists: output/prompt-runner/20250813_160652/final
2025-08-13 16:06:52,769 - services.mock_storage_manager - DEBUG - [DRY-RUN] Ensured directory exists: output/prompt-runner/20250813_160652/state
2025-08-13 16:06:52,798 - utils.job_planner - INFO - ============================================================
2025-08-13 16:06:52,798 - utils.job_planner - INFO - JOB EXECUTION PLAN
2025-08-13 16:06:52,799 - utils.job_planner - INFO - ============================================================
2025-08-13 16:06:52,799 - utils.job_planner - INFO - Total render jobs: 6
2025-08-13 16:06:52,799 - utils.job_planner - INFO - Total combine jobs: 3
2025-08-13 16:06:52,799 - utils.job_planner - INFO -   RenderJob(HIGH #1, frames 0-101) [ref: output/prompt-runner/20250813_160652/references/job_000_ref.png]
2025-08-13 16:06:52,799 - utils.job_planner - INFO -   RenderJob(LOW #2, frames 0-101) [ref: output/prompt-runner/20250813_160652/references/job_000_ref.png]
2025-08-13 16:06:52,799 - utils.job_planner - INFO -   RenderJob(HIGH #3, frames 101-202) [ref: output/prompt-runner/20250813_160652/references/job_002_ref.png]
2025-08-13 16:06:52,799 - utils.job_planner - INFO -   RenderJob(LOW #4, frames 101-202) [ref: output/prompt-runner/20250813_160652/references/job_002_ref.png]
2025-08-13 16:06:52,799 - utils.job_planner - INFO -   RenderJob(HIGH #5, frames 202-230) [ref: output/prompt-runner/20250813_160652/references/job_004_ref.png]
2025-08-13 16:06:52,800 - utils.job_planner - INFO -   RenderJob(LOW #6, frames 202-230) [ref: output/prompt-runner/20250813_160652/references/job_004_ref.png]
2025-08-13 16:06:52,800 - utils.job_planner - INFO - ----------------------------------------
2025-08-13 16:06:52,800 - utils.job_planner - INFO -   CombineJob(#1 for 2025-05-02_19-39-31_UTC): output/prompt-runner/20250813_160652/videos/job_002.mp4_00001.mp4 -> output/prompt-runner/20250813_160652/combined/combined_001.mp4
2025-08-13 16:06:52,800 - utils.job_planner - INFO -   CombineJob(#2 for 2025-05-02_19-39-31_UTC): output/prompt-runner/20250813_160652/videos/job_004.mp4_00001.mp4 + output/prompt-runner/20250813_160652/combined/combined_001.mp4_00001.mp4 -> output/prompt-runner/20250813_160652/combined/combined_002.mp4
2025-08-13 16:06:52,800 - utils.job_planner - INFO -   CombineJob(#3 for 2025-05-02_19-39-31_UTC): output/prompt-runner/20250813_160652/videos/job_006.mp4_00001.mp4 + output/prompt-runner/20250813_160652/combined/combined_002.mp4_00001.mp4 -> output/prompt-runner/20250813_160652/combined/combined_003.mp4
2025-08-13 16:06:52,800 - utils.job_planner - INFO - ============================================================
2025-08-13 16:06:52,803 - __main__ - INFO - 🔧 Generating workflows for dry-run analysis...
2025-08-13 16:06:52,803 - services.service_factory - INFO - 🗄️ Creating MockStorageManager for dry-run mode
2025-08-13 16:06:52,803 - services.mock_storage_manager - INFO - 🗄️ MockStorageManager initialized
2025-08-13 16:06:52,804 - services.workflow_manager - INFO - Loaded workflow from prompt.json
2025-08-13 16:06:52,805 - services.workflow_manager - INFO - Loaded workflow from combine.json
2025-08-13 16:06:52,805 - services.workflow_manager - DEBUG - Deleted reference images node for job 1
2025-08-13 16:06:52,805 - services.workflow_manager - DEBUG - Deleted samples node 54 for HIGH job
2025-08-13 16:06:52,806 - services.workflow_manager - DEBUG - Deleted samples node 341 for HIGH job
2025-08-13 16:06:52,806 - services.workflow_manager - DEBUG - Set positive and negative prompt in node 53
2025-08-13 16:06:52,806 - services.workflow_manager - INFO - Modified workflow for HIGH job #1
2025-08-13 16:06:52,806 - __main__ - WARNING - Could not generate workflow for job 1: 'MockStorageManager' object has no attribute 'save_runtime_workflow'
2025-08-13 16:06:52,807 - services.workflow_manager - DEBUG - Deleted latent node 366 for LOW job
2025-08-13 16:06:52,807 - services.workflow_manager - DEBUG - Deleted reference images node for job 2
2025-08-13 16:06:52,807 - services.workflow_manager - DEBUG - Set positive and negative prompt in node 53
2025-08-13 16:06:52,808 - services.workflow_manager - INFO - Modified workflow for LOW job #2
2025-08-13 16:06:52,808 - __main__ - WARNING - Could not generate workflow for job 2: 'MockStorageManager' object has no attribute 'save_runtime_workflow'
2025-08-13 16:06:52,808 - services.workflow_manager - DEBUG - Set reference image: output/prompt-runner/20250813_160652/references/job_002_ref.png
2025-08-13 16:06:52,808 - services.workflow_manager - DEBUG - Deleted samples node 54 for HIGH job
2025-08-13 16:06:52,808 - services.workflow_manager - DEBUG - Deleted samples node 341 for HIGH job
2025-08-13 16:06:52,808 - services.workflow_manager - DEBUG - Set positive and negative prompt in node 53
2025-08-13 16:06:52,808 - services.workflow_manager - INFO - Modified workflow for HIGH job #3
2025-08-13 16:06:52,808 - __main__ - WARNING - Could not generate workflow for job 3: 'MockStorageManager' object has no attribute 'save_runtime_workflow'
2025-08-13 16:06:52,809 - services.workflow_manager - DEBUG - Deleted latent node 366 for LOW job
2025-08-13 16:06:52,809 - services.workflow_manager - DEBUG - Set reference image: output/prompt-runner/20250813_160652/references/job_002_ref.png
2025-08-13 16:06:52,809 - services.workflow_manager - DEBUG - Set positive and negative prompt in node 53
2025-08-13 16:06:52,809 - services.workflow_manager - INFO - Modified workflow for LOW job #4
2025-08-13 16:06:52,809 - __main__ - WARNING - Could not generate workflow for job 4: 'MockStorageManager' object has no attribute 'save_runtime_workflow'
2025-08-13 16:06:52,809 - services.workflow_manager - DEBUG - Set reference image: output/prompt-runner/20250813_160652/references/job_004_ref.png
2025-08-13 16:06:52,809 - services.workflow_manager - DEBUG - Deleted samples node 54 for HIGH job
2025-08-13 16:06:52,810 - services.workflow_manager - DEBUG - Deleted samples node 341 for HIGH job
2025-08-13 16:06:52,810 - services.workflow_manager - DEBUG - Set positive and negative prompt in node 53
2025-08-13 16:06:52,810 - services.workflow_manager - INFO - Modified workflow for HIGH job #5
2025-08-13 16:06:52,810 - __main__ - WARNING - Could not generate workflow for job 5: 'MockStorageManager' object has no attribute 'save_runtime_workflow'
2025-08-13 16:06:52,810 - services.workflow_manager - DEBUG - Deleted latent node 366 for LOW job
2025-08-13 16:06:52,810 - services.workflow_manager - DEBUG - Set reference image: output/prompt-runner/20250813_160652/references/job_004_ref.png
2025-08-13 16:06:52,810 - services.workflow_manager - DEBUG - Set positive and negative prompt in node 53
2025-08-13 16:06:52,810 - services.workflow_manager - INFO - Modified workflow for LOW job #6
2025-08-13 16:06:52,810 - __main__ - WARNING - Could not generate workflow for job 6: 'MockStorageManager' object has no attribute 'save_runtime_workflow'
2025-08-13 16:06:52,811 - services.workflow_manager - DEBUG - Set input video: output/prompt-runner/20250813_160652/videos/job_002.mp4_00001.mp4
2025-08-13 16:06:52,811 - services.workflow_manager - DEBUG - Removed image_2 node for first combine
2025-08-13 16:06:52,811 - services.workflow_manager - DEBUG - Set images input to [33, 0] for first combine
2025-08-13 16:06:52,811 - services.workflow_manager - INFO - Created combine workflow for job #1
2025-08-13 16:06:52,811 - __main__ - WARNING - Could not generate combine workflow for job 1: 'MockStorageManager' object has no attribute 'save_runtime_workflow'
2025-08-13 16:06:52,811 - services.workflow_manager - DEBUG - Set input video: output/prompt-runner/20250813_160652/videos/job_004.mp4_00001.mp4
2025-08-13 16:06:52,811 - services.workflow_manager - DEBUG - Set previous combined: output/prompt-runner/20250813_160652/combined/combined_001.mp4_00001.mp4
2025-08-13 16:06:52,811 - services.workflow_manager - INFO - Created combine workflow for job #2
2025-08-13 16:06:52,811 - __main__ - WARNING - Could not generate combine workflow for job 2: 'MockStorageManager' object has no attribute 'save_runtime_workflow'
2025-08-13 16:06:52,812 - services.workflow_manager - DEBUG - Set input video: output/prompt-runner/20250813_160652/videos/job_006.mp4_00001.mp4
2025-08-13 16:06:52,812 - services.workflow_manager - DEBUG - Set previous combined: output/prompt-runner/20250813_160652/combined/combined_002.mp4_00001.mp4
2025-08-13 16:06:52,812 - services.workflow_manager - INFO - Created combine workflow for job #3
2025-08-13 16:06:52,812 - __main__ - WARNING - Could not generate combine workflow for job 3: 'MockStorageManager' object has no attribute 'save_runtime_workflow'
2025-08-13 16:06:52,812 - __main__ - INFO - 🎭 DRY RUN - Jobs planned but not executed
2025-08-13 16:06:52,812 - __main__ - INFO - 📊 Render jobs: 6, Combine jobs: 3
2025-08-13 16:06:52,812 - __main__ - INFO - ================================================================================
2025-08-13 16:06:52,812 - __main__ - INFO - PROMPT RUNNER V2 - Complete
2025-08-13 16:06:52,812 - __main__ - INFO - Successful: 1
2025-08-13 16:06:52,812 - __main__ - INFO - Failed: 0
2025-08-13 16:06:52,813 - __main__ - INFO - ================================================================================
2025-08-13 16:06:52,860 - __main__ - INFO - Disk usage for last prompt: {'latents': 0.0, 'videos': 0.0, 'references': 0.0, 'combined': 0.0, 'final': 0.0, 'state': 0.0, 'total': 0.0, 'dry_run_temp': 2.6446767151355743e-05}
2025-08-13 16:06:52,860 - __main__ - INFO - ================================================================================
2025-08-13 16:06:52,860 - __main__ - INFO - DRY-RUN SUMMARY
2025-08-13 16:06:52,860 - __main__ - INFO - ================================================================================
2025-08-13 16:06:52,861 - __main__ - INFO - 🗂️ Temp directory: N/A
2025-08-13 16:06:52,861 - __main__ - INFO - 📄 Workflows generated: 0
2025-08-13 16:06:52,861 - __main__ - INFO - ☁️ Simulated GCS uploads: 0
2025-08-13 16:06:52,861 - __main__ - INFO - 📁 Simulated file copies: 0
2025-08-13 16:06:52,861 - __main__ - INFO - ================================================================================
2025-08-13 16:06:52,861 - services.dry_run_manager - INFO - 🗂️ Dry-run files preserved at: output/dry-run/session_20250813_160652
2025-08-13 16:06:52,861 - services.dry_run_manager - INFO - 📊 Session contained 0 workflows and 0 HTTP payloads
2025-08-13 16:06:52,875 - services.dry_run_manager - INFO - 💾 Total dry-run output size: 0.03 MB
2025-08-13 16:06:52,875 - __main__ - INFO - RunPod instance will remain running
