2025-08-12 11:39:53,836 - __main__ - INFO - ================================================================================
2025-08-12 11:39:53,836 - __main__ - INFO - PROMPT RUNNER V2 - Starting
2025-08-12 11:39:53,837 - __main__ - INFO - Client ID: 05b00bb9-3f65-48ad-88e9-a776192b7312
2025-08-12 11:39:53,837 - __main__ - INFO - ================================================================================
2025-08-12 11:39:53,837 - __main__ - INFO - 🎭 DRY-RUN MODE ENABLED
2025-08-12 11:39:53,839 - services.service_factory - INFO - 🎭 Creating MockRunPodManager for dry-run mode
2025-08-12 11:39:53,839 - services.mock_runpod_manager - INFO - ℹ️ [DRY-RUN] Simulated RunPod instance info: {'pod_id': 'dry-run-pod-12345', 'pod_hostname': 'dry-run-host.runpod.io', 'gpu_count': '1', 'cpu_count': '8', 'mem_gb': '32', 'public_ip': '203.0.113.1', 'api_key': 'SIMULATED'}
2025-08-12 11:39:53,840 - __main__ - INFO - RunPod Instance: {'pod_id': 'dry-run-pod-12345', 'pod_hostname': 'dry-run-host.runpod.io', 'gpu_count': '1', 'cpu_count': '8', 'mem_gb': '32', 'public_ip': '203.0.113.1', 'api_key': 'SIMULATED'}
2025-08-12 11:39:53,840 - services.mock_runpod_manager - INFO - 💓 [DRY-RUN] Simulated system health - CPU: 15.5%, RAM: 45.2%, Disk: 32.1%
2025-08-12 11:39:53,844 - services.service_factory - INFO - 🗄️ Creating MockStorageManager for dry-run mode
2025-08-12 11:39:53,844 - services.mock_storage_manager - INFO - 🗄️ MockStorageManager initialized
2025-08-12 11:39:53,846 - services.mock_storage_manager - INFO - 💽 [DRY-RUN] Disk space check for prompt '_global_check': 276.1GB available
2025-08-12 11:39:53,849 - utils.file_parser - INFO - Successfully parsed prompt file: PromptData(video=2025-05-02_19-39-31_UTC, frames=500)
2025-08-12 11:39:53,849 - utils.file_parser - INFO - Found 1 valid prompt files
2025-08-12 11:39:53,849 - __main__ - INFO - Found 1 prompt file(s) to process
2025-08-12 11:39:53,851 - services.service_factory - INFO - 🎭 Creating MockComfyUIClient for dry-run mode
2025-08-12 11:39:53,852 - services.mock_comfyui_client - INFO - 🎭 MockComfyUIClient initialized for 127.0.0.1:8188
2025-08-12 11:39:53,852 - services.service_factory - INFO - 🗄️ Creating MockStorageManager for dry-run mode
2025-08-12 11:39:53,852 - services.mock_storage_manager - INFO - 🗄️ MockStorageManager initialized
2025-08-12 11:39:53,852 - services.service_factory - INFO - 🗄️ Creating MockStorageManager for dry-run mode
2025-08-12 11:39:53,852 - services.mock_storage_manager - INFO - 🗄️ MockStorageManager initialized
2025-08-12 11:39:53,853 - services.workflow_manager - INFO - Loaded workflow from prompt.json
2025-08-12 11:39:53,854 - services.workflow_manager - INFO - Loaded workflow from combine.json
2025-08-12 11:39:53,854 - __main__ - INFO - 
Processing: prompt_files/1.txt
2025-08-12 11:39:53,854 - __main__ - INFO - ================================================================================
2025-08-12 11:39:53,854 - __main__ - INFO - NAME: 20250812_113953
2025-08-12 11:39:53,854 - __main__ - INFO - PROCESSING: 2025-05-02_19-39-31_UTC
2025-08-12 11:39:53,854 - __main__ - INFO - Total frames: 500
2025-08-12 11:39:53,854 - __main__ - INFO - ================================================================================
2025-08-12 11:39:53,855 - __main__ - INFO - Frames per chunk: 101
2025-08-12 11:39:53,855 - services.service_factory - INFO - 🗄️ Creating MockStorageManager for dry-run mode
2025-08-12 11:39:53,855 - services.mock_storage_manager - INFO - 🗄️ MockStorageManager initialized
2025-08-12 11:39:53,855 - utils.job_planner - INFO - Planning 5 job pairs for 500 total frames (101 per chunk)
2025-08-12 11:39:53,856 - services.mock_storage_manager - DEBUG - [DRY-RUN] Ensured directory exists: output/prompt-runner/20250812_113953
2025-08-12 11:39:53,857 - services.mock_storage_manager - DEBUG - [DRY-RUN] Ensured directory exists: output/prompt-runner/20250812_113953/latents
2025-08-12 11:39:53,858 - services.mock_storage_manager - DEBUG - [DRY-RUN] Ensured directory exists: output/prompt-runner/20250812_113953/videos
2025-08-12 11:39:53,858 - services.mock_storage_manager - DEBUG - [DRY-RUN] Ensured directory exists: output/prompt-runner/20250812_113953/references
2025-08-12 11:39:53,860 - services.mock_storage_manager - DEBUG - [DRY-RUN] Ensured directory exists: output/prompt-runner/20250812_113953/combined
2025-08-12 11:39:53,861 - services.mock_storage_manager - DEBUG - [DRY-RUN] Ensured directory exists: output/prompt-runner/20250812_113953/final
2025-08-12 11:39:53,862 - services.mock_storage_manager - DEBUG - [DRY-RUN] Ensured directory exists: output/prompt-runner/20250812_113953/state
2025-08-12 11:39:53,897 - utils.job_planner - INFO - ============================================================
2025-08-12 11:39:53,898 - utils.job_planner - INFO - JOB EXECUTION PLAN
2025-08-12 11:39:53,898 - utils.job_planner - INFO - ============================================================
2025-08-12 11:39:53,898 - utils.job_planner - INFO - Total render jobs: 10
2025-08-12 11:39:53,898 - utils.job_planner - INFO - Total combine jobs: 5
2025-08-12 11:39:53,898 - utils.job_planner - INFO -   RenderJob(HIGH #1, frames 0-101) [ref: output/prompt-runner/20250812_113953/references/job_000_ref.png]
2025-08-12 11:39:53,898 - utils.job_planner - INFO -   RenderJob(LOW #2, frames 0-101) [ref: output/prompt-runner/20250812_113953/references/job_000_ref.png]
2025-08-12 11:39:53,898 - utils.job_planner - INFO -   RenderJob(HIGH #3, frames 101-202) [ref: output/prompt-runner/20250812_113953/references/job_002_ref.png]
2025-08-12 11:39:53,899 - utils.job_planner - INFO -   RenderJob(LOW #4, frames 101-202) [ref: output/prompt-runner/20250812_113953/references/job_002_ref.png]
2025-08-12 11:39:53,899 - utils.job_planner - INFO -   RenderJob(HIGH #5, frames 202-303) [ref: output/prompt-runner/20250812_113953/references/job_004_ref.png]
2025-08-12 11:39:53,899 - utils.job_planner - INFO -   RenderJob(LOW #6, frames 202-303) [ref: output/prompt-runner/20250812_113953/references/job_004_ref.png]
2025-08-12 11:39:53,899 - utils.job_planner - INFO -   RenderJob(HIGH #7, frames 303-404) [ref: output/prompt-runner/20250812_113953/references/job_006_ref.png]
2025-08-12 11:39:53,899 - utils.job_planner - INFO -   RenderJob(LOW #8, frames 303-404) [ref: output/prompt-runner/20250812_113953/references/job_006_ref.png]
2025-08-12 11:39:53,899 - utils.job_planner - INFO -   RenderJob(HIGH #9, frames 404-500) [ref: output/prompt-runner/20250812_113953/references/job_008_ref.png]
2025-08-12 11:39:53,899 - utils.job_planner - INFO -   RenderJob(LOW #10, frames 404-500) [ref: output/prompt-runner/20250812_113953/references/job_008_ref.png]
2025-08-12 11:39:53,899 - utils.job_planner - INFO - ----------------------------------------
2025-08-12 11:39:53,899 - utils.job_planner - INFO -   CombineJob(#1 for 2025-05-02_19-39-31_UTC): output/prompt-runner/20250812_113953/videos/job_002.mp4 -> output/prompt-runner/20250812_113953/combined/combined_001.mp4
2025-08-12 11:39:53,900 - utils.job_planner - INFO -   CombineJob(#2 for 2025-05-02_19-39-31_UTC): output/prompt-runner/20250812_113953/videos/job_004.mp4 + output/prompt-runner/20250812_113953/combined/combined_001.mp4 -> output/prompt-runner/20250812_113953/combined/combined_002.mp4
2025-08-12 11:39:53,900 - utils.job_planner - INFO -   CombineJob(#3 for 2025-05-02_19-39-31_UTC): output/prompt-runner/20250812_113953/videos/job_006.mp4 + output/prompt-runner/20250812_113953/combined/combined_002.mp4 -> output/prompt-runner/20250812_113953/combined/combined_003.mp4
2025-08-12 11:39:53,900 - utils.job_planner - INFO -   CombineJob(#4 for 2025-05-02_19-39-31_UTC): output/prompt-runner/20250812_113953/videos/job_008.mp4 + output/prompt-runner/20250812_113953/combined/combined_003.mp4 -> output/prompt-runner/20250812_113953/combined/combined_004.mp4
2025-08-12 11:39:53,900 - utils.job_planner - INFO -   CombineJob(#5 for 2025-05-02_19-39-31_UTC): output/prompt-runner/20250812_113953/videos/job_010.mp4 + output/prompt-runner/20250812_113953/combined/combined_004.mp4 -> output/prompt-runner/20250812_113953/combined/combined_005.mp4
2025-08-12 11:39:53,900 - utils.job_planner - INFO - ============================================================
2025-08-12 11:39:53,903 - __main__ - INFO - 🔧 Generating workflows for dry-run analysis...
2025-08-12 11:39:53,903 - services.service_factory - INFO - 🗄️ Creating MockStorageManager for dry-run mode
2025-08-12 11:39:53,903 - services.mock_storage_manager - INFO - 🗄️ MockStorageManager initialized
2025-08-12 11:39:53,905 - services.workflow_manager - INFO - Loaded workflow from prompt.json
2025-08-12 11:39:53,908 - services.workflow_manager - INFO - Loaded workflow from combine.json
2025-08-12 11:39:53,908 - services.workflow_manager - DEBUG - Deleted reference images node for job 1
2025-08-12 11:39:53,908 - services.workflow_manager - DEBUG - Deleted samples node 54 for HIGH job
2025-08-12 11:39:53,908 - services.workflow_manager - DEBUG - Deleted samples node 341 for HIGH job
2025-08-12 11:39:53,909 - services.workflow_manager - DEBUG - Set positive and negative prompt in node 53
2025-08-12 11:39:53,909 - services.workflow_manager - INFO - Modified workflow for HIGH job #1
2025-08-12 11:39:53,912 - services.dry_run_manager - INFO - 📝 Saved workflow: workflow_001_high_noise_render.json (high_noise_render job)
2025-08-12 11:39:53,912 - services.workflow_manager - DEBUG - Deleted latent node 366 for LOW job
2025-08-12 11:39:53,913 - services.workflow_manager - DEBUG - Deleted reference images node for job 2
2025-08-12 11:39:53,913 - services.workflow_manager - DEBUG - Set positive and negative prompt in node 53
2025-08-12 11:39:53,913 - services.workflow_manager - INFO - Modified workflow for LOW job #2
2025-08-12 11:39:53,915 - services.dry_run_manager - INFO - 📝 Saved workflow: workflow_002_low_noise_render.json (low_noise_render job)
2025-08-12 11:39:53,915 - services.workflow_manager - DEBUG - Set reference image: output/prompt-runner/20250812_113953/references/job_002_ref.png
2025-08-12 11:39:53,915 - services.workflow_manager - DEBUG - Deleted samples node 54 for HIGH job
2025-08-12 11:39:53,915 - services.workflow_manager - DEBUG - Deleted samples node 341 for HIGH job
2025-08-12 11:39:53,915 - services.workflow_manager - DEBUG - Set positive and negative prompt in node 53
2025-08-12 11:39:53,915 - services.workflow_manager - INFO - Modified workflow for HIGH job #3
2025-08-12 11:39:53,918 - services.dry_run_manager - INFO - 📝 Saved workflow: workflow_003_high_noise_render.json (high_noise_render job)
2025-08-12 11:39:53,918 - services.workflow_manager - DEBUG - Deleted latent node 366 for LOW job
2025-08-12 11:39:53,918 - services.workflow_manager - DEBUG - Set reference image: output/prompt-runner/20250812_113953/references/job_002_ref.png
2025-08-12 11:39:53,918 - services.workflow_manager - DEBUG - Set positive and negative prompt in node 53
2025-08-12 11:39:53,918 - services.workflow_manager - INFO - Modified workflow for LOW job #4
2025-08-12 11:39:53,922 - services.dry_run_manager - INFO - 📝 Saved workflow: workflow_004_low_noise_render.json (low_noise_render job)
2025-08-12 11:39:53,923 - services.workflow_manager - DEBUG - Set reference image: output/prompt-runner/20250812_113953/references/job_004_ref.png
2025-08-12 11:39:53,923 - services.workflow_manager - DEBUG - Deleted samples node 54 for HIGH job
2025-08-12 11:39:53,923 - services.workflow_manager - DEBUG - Deleted samples node 341 for HIGH job
2025-08-12 11:39:53,923 - services.workflow_manager - DEBUG - Set positive and negative prompt in node 53
2025-08-12 11:39:53,923 - services.workflow_manager - INFO - Modified workflow for HIGH job #5
2025-08-12 11:39:53,925 - services.dry_run_manager - INFO - 📝 Saved workflow: workflow_005_high_noise_render.json (high_noise_render job)
2025-08-12 11:39:53,925 - services.workflow_manager - DEBUG - Deleted latent node 366 for LOW job
2025-08-12 11:39:53,926 - services.workflow_manager - DEBUG - Set reference image: output/prompt-runner/20250812_113953/references/job_004_ref.png
2025-08-12 11:39:53,926 - services.workflow_manager - DEBUG - Set positive and negative prompt in node 53
2025-08-12 11:39:53,926 - services.workflow_manager - INFO - Modified workflow for LOW job #6
2025-08-12 11:39:53,928 - services.dry_run_manager - INFO - 📝 Saved workflow: workflow_006_low_noise_render.json (low_noise_render job)
2025-08-12 11:39:53,928 - services.workflow_manager - DEBUG - Set reference image: output/prompt-runner/20250812_113953/references/job_006_ref.png
2025-08-12 11:39:53,928 - services.workflow_manager - DEBUG - Deleted samples node 54 for HIGH job
2025-08-12 11:39:53,928 - services.workflow_manager - DEBUG - Deleted samples node 341 for HIGH job
2025-08-12 11:39:53,928 - services.workflow_manager - DEBUG - Set positive and negative prompt in node 53
2025-08-12 11:39:53,929 - services.workflow_manager - INFO - Modified workflow for HIGH job #7
2025-08-12 11:39:53,930 - services.dry_run_manager - INFO - 📝 Saved workflow: workflow_007_high_noise_render.json (high_noise_render job)
2025-08-12 11:39:53,931 - services.workflow_manager - DEBUG - Deleted latent node 366 for LOW job
2025-08-12 11:39:53,931 - services.workflow_manager - DEBUG - Set reference image: output/prompt-runner/20250812_113953/references/job_006_ref.png
2025-08-12 11:39:53,931 - services.workflow_manager - DEBUG - Set positive and negative prompt in node 53
2025-08-12 11:39:53,931 - services.workflow_manager - INFO - Modified workflow for LOW job #8
2025-08-12 11:39:53,932 - services.dry_run_manager - INFO - 📝 Saved workflow: workflow_008_low_noise_render.json (low_noise_render job)
2025-08-12 11:39:53,933 - services.workflow_manager - DEBUG - Set reference image: output/prompt-runner/20250812_113953/references/job_008_ref.png
2025-08-12 11:39:53,933 - services.workflow_manager - DEBUG - Deleted samples node 54 for HIGH job
2025-08-12 11:39:53,933 - services.workflow_manager - DEBUG - Deleted samples node 341 for HIGH job
2025-08-12 11:39:53,933 - services.workflow_manager - DEBUG - Set positive and negative prompt in node 53
2025-08-12 11:39:53,933 - services.workflow_manager - INFO - Modified workflow for HIGH job #9
2025-08-12 11:39:53,935 - services.dry_run_manager - INFO - 📝 Saved workflow: workflow_009_high_noise_render.json (high_noise_render job)
2025-08-12 11:39:53,935 - services.workflow_manager - DEBUG - Deleted latent node 366 for LOW job
2025-08-12 11:39:53,935 - services.workflow_manager - DEBUG - Set reference image: output/prompt-runner/20250812_113953/references/job_008_ref.png
2025-08-12 11:39:53,935 - services.workflow_manager - DEBUG - Set positive and negative prompt in node 53
2025-08-12 11:39:53,935 - services.workflow_manager - INFO - Modified workflow for LOW job #10
2025-08-12 11:39:53,938 - services.dry_run_manager - INFO - 📝 Saved workflow: workflow_010_low_noise_render.json (low_noise_render job)
2025-08-12 11:39:53,938 - services.workflow_manager - DEBUG - Set input video: output/prompt-runner/20250812_113953/videos/job_002.mp4
2025-08-12 11:39:53,938 - services.workflow_manager - DEBUG - Removed image_2 node for first combine
2025-08-12 11:39:53,938 - services.workflow_manager - DEBUG - Set images input to [33, 0] for first combine
2025-08-12 11:39:53,938 - services.workflow_manager - INFO - Created combine workflow for job #1
2025-08-12 11:39:53,940 - services.dry_run_manager - INFO - 📝 Saved workflow: workflow_011_combine.json (combine job)
2025-08-12 11:39:53,940 - services.workflow_manager - DEBUG - Set input video: output/prompt-runner/20250812_113953/videos/job_004.mp4
2025-08-12 11:39:53,940 - services.workflow_manager - DEBUG - Set previous combined: output/prompt-runner/20250812_113953/combined/combined_001.mp4
2025-08-12 11:39:53,940 - services.workflow_manager - INFO - Created combine workflow for job #2
2025-08-12 11:39:53,941 - services.dry_run_manager - INFO - 📝 Saved workflow: workflow_012_combine.json (combine job)
2025-08-12 11:39:53,941 - services.workflow_manager - DEBUG - Set input video: output/prompt-runner/20250812_113953/videos/job_006.mp4
2025-08-12 11:39:53,941 - services.workflow_manager - DEBUG - Set previous combined: output/prompt-runner/20250812_113953/combined/combined_002.mp4
2025-08-12 11:39:53,942 - services.workflow_manager - INFO - Created combine workflow for job #3
2025-08-12 11:39:53,943 - services.dry_run_manager - INFO - 📝 Saved workflow: workflow_013_combine.json (combine job)
2025-08-12 11:39:53,943 - services.workflow_manager - DEBUG - Set input video: output/prompt-runner/20250812_113953/videos/job_008.mp4
2025-08-12 11:39:53,943 - services.workflow_manager - DEBUG - Set previous combined: output/prompt-runner/20250812_113953/combined/combined_003.mp4
2025-08-12 11:39:53,943 - services.workflow_manager - INFO - Created combine workflow for job #4
2025-08-12 11:39:53,945 - services.dry_run_manager - INFO - 📝 Saved workflow: workflow_014_combine.json (combine job)
2025-08-12 11:39:53,946 - services.workflow_manager - DEBUG - Set input video: output/prompt-runner/20250812_113953/videos/job_010.mp4
2025-08-12 11:39:53,946 - services.workflow_manager - DEBUG - Set previous combined: output/prompt-runner/20250812_113953/combined/combined_004.mp4
2025-08-12 11:39:53,946 - services.workflow_manager - INFO - Created combine workflow for job #5
2025-08-12 11:39:53,948 - services.dry_run_manager - INFO - 📝 Saved workflow: workflow_015_combine.json (combine job)
2025-08-12 11:39:53,948 - __main__ - INFO - 🎭 DRY RUN - Jobs planned but not executed
2025-08-12 11:39:53,948 - __main__ - INFO - 📊 Render jobs: 10, Combine jobs: 5
2025-08-12 11:39:53,948 - __main__ - INFO - ================================================================================
2025-08-12 11:39:53,948 - __main__ - INFO - PROMPT RUNNER V2 - Complete
2025-08-12 11:39:53,948 - __main__ - INFO - Successful: 1
2025-08-12 11:39:53,948 - __main__ - INFO - Failed: 0
2025-08-12 11:39:53,948 - __main__ - INFO - ================================================================================
2025-08-12 11:39:54,043 - __main__ - INFO - Disk usage for last prompt: {'latents': 0.0, 'videos': 0.0, 'references': 0.0, 'combined': 0.0, 'final': 0.0, 'state': 0.0, 'total': 0.0, 'dry_run_temp': 0.0001817513257265091}
2025-08-12 11:39:54,043 - __main__ - INFO - ================================================================================
2025-08-12 11:39:54,043 - __main__ - INFO - DRY-RUN SUMMARY
2025-08-12 11:39:54,043 - __main__ - INFO - ================================================================================
2025-08-12 11:39:54,044 - __main__ - INFO - 🗂️ Temp directory: N/A
2025-08-12 11:39:54,044 - __main__ - INFO - 📄 Workflows generated: 15
2025-08-12 11:39:54,044 - __main__ - INFO - ☁️ Simulated GCS uploads: 0
2025-08-12 11:39:54,044 - __main__ - INFO - 📁 Simulated file copies: 0
2025-08-12 11:39:54,044 - __main__ - INFO - ================================================================================
2025-08-12 11:39:54,044 - services.dry_run_manager - INFO - 🗂️ Dry-run files preserved at: output/dry-run/session_20250812_113953
2025-08-12 11:39:54,044 - services.dry_run_manager - INFO - 📊 Session contained 15 workflows and 0 HTTP payloads
2025-08-12 11:39:54,070 - services.dry_run_manager - INFO - 💾 Total dry-run output size: 0.19 MB
2025-08-12 11:39:54,070 - __main__ - INFO - RunPod instance will remain running
