2025-08-14 13:09:38,365 - __main__ - INFO - ================================================================================
2025-08-14 13:09:38,365 - __main__ - INFO - PROMPT RUNNER V2 - Starting
2025-08-14 13:09:38,365 - __main__ - INFO - Client ID: 0186e227-961f-4343-99d4-409f40b36429
2025-08-14 13:09:38,366 - __main__ - INFO - ================================================================================
2025-08-14 13:09:38,366 - __main__ - INFO - 🎭 DRY-RUN MODE ENABLED
2025-08-14 13:09:38,369 - services.service_factory - INFO - 🎭 Creating MockRunPodManager for dry-run mode
2025-08-14 13:09:38,369 - services.mock_runpod_manager - INFO - ℹ️ [DRY-RUN] Simulated RunPod instance info: {'pod_id': 'dry-run-pod-12345', 'pod_hostname': 'dry-run-host.runpod.io', 'gpu_count': '1', 'cpu_count': '8', 'mem_gb': '32', 'public_ip': '203.0.113.1', 'api_key': 'SIMULATED'}
2025-08-14 13:09:38,369 - __main__ - INFO - RunPod Instance: {'pod_id': 'dry-run-pod-12345', 'pod_hostname': 'dry-run-host.runpod.io', 'gpu_count': '1', 'cpu_count': '8', 'mem_gb': '32', 'public_ip': '203.0.113.1', 'api_key': 'SIMULATED'}
2025-08-14 13:09:38,370 - services.mock_runpod_manager - INFO - 💓 [DRY-RUN] Simulated system health - CPU: 15.5%, RAM: 45.2%, Disk: 32.1%
2025-08-14 13:09:38,372 - services.service_factory - INFO - 🗄️ Creating MockStorageManager for dry-run mode
2025-08-14 13:09:38,372 - services.mock_storage_manager - INFO - 🗄️ MockStorageManager initialized
2025-08-14 13:09:38,374 - services.mock_storage_manager - INFO - 💽 [DRY-RUN] Disk space check for prompt '_global_check': 280.2GB available
2025-08-14 13:09:38,377 - utils.file_parser - INFO - Successfully parsed prompt file: PromptData(video=2025-05-02_19-39-31_UTC, frames=103)
2025-08-14 13:09:38,377 - utils.file_parser - INFO - Found 1 valid prompt files
2025-08-14 13:09:38,377 - __main__ - INFO - Found 1 prompt file(s) to process
2025-08-14 13:09:38,378 - __main__ - INFO - 🚀 Starting in DUAL INSTANCE mode
2025-08-14 13:09:38,378 - services.job_queue_manager - INFO - JobQueueManager initialized with 2 instances
2025-08-14 13:09:38,378 - services.multi_instance_client - INFO - MultiInstanceComfyUIClient initialized with 2 instances
2025-08-14 13:09:38,378 - services.dual_instance_orchestrator - INFO - Setup complete in dual instance mode with 2 instances
2025-08-14 13:09:38,379 - services.service_factory - INFO - 🗄️ Creating MockStorageManager for dry-run mode
2025-08-14 13:09:38,379 - services.mock_storage_manager - INFO - 🗄️ MockStorageManager initialized
2025-08-14 13:09:38,380 - services.workflow_manager - INFO - Loaded workflow from prompt.json
2025-08-14 13:09:38,381 - services.workflow_manager - INFO - Loaded workflow from combine.json
2025-08-14 13:09:38,382 - services.service_factory - INFO - 🗄️ Creating MockStorageManager for dry-run mode
2025-08-14 13:09:38,382 - services.mock_storage_manager - INFO - 🗄️ MockStorageManager initialized
2025-08-14 13:09:38,382 - services.dual_instance_orchestrator - INFO - DualInstanceOrchestrator initialized
2025-08-14 13:09:38,382 - __main__ - INFO - 
Processing: prompt_files/1.txt
2025-08-14 13:09:38,383 - __main__ - INFO - ================================================================================
2025-08-14 13:09:38,383 - __main__ - INFO - NAME: 20250814_130938
2025-08-14 13:09:38,383 - __main__ - INFO - PROCESSING: 2025-05-02_19-39-31_UTC
2025-08-14 13:09:38,383 - __main__ - INFO - Total frames: 103
2025-08-14 13:09:38,383 - __main__ - INFO - ================================================================================
2025-08-14 13:09:38,383 - __main__ - INFO - Frames per chunk: 41
2025-08-14 13:09:38,384 - services.service_factory - INFO - 🗄️ Creating MockStorageManager for dry-run mode
2025-08-14 13:09:38,384 - services.mock_storage_manager - INFO - 🗄️ MockStorageManager initialized
2025-08-14 13:09:38,384 - utils.job_planner - INFO - Planning 3 job pairs for 103 total frames (41 per chunk)
2025-08-14 13:09:38,423 - utils.job_planner - INFO - ============================================================
2025-08-14 13:09:38,423 - utils.job_planner - INFO - JOB EXECUTION PLAN
2025-08-14 13:09:38,423 - utils.job_planner - INFO - ============================================================
2025-08-14 13:09:38,423 - utils.job_planner - INFO - Total render jobs: 6
2025-08-14 13:09:38,423 - utils.job_planner - INFO - Total combine jobs: 3
2025-08-14 13:09:38,424 - utils.job_planner - INFO -   RenderJob(HIGH #1, frames 0-41) [ref: output/prompt-runner/20250814_130938/references/job_000_ref.png]
2025-08-14 13:09:38,424 - utils.job_planner - INFO -   RenderJob(LOW #2, frames 0-41) [ref: output/prompt-runner/20250814_130938/references/job_000_ref.png]
2025-08-14 13:09:38,424 - utils.job_planner - INFO -   RenderJob(HIGH #3, frames 41-82) [ref: output/prompt-runner/20250814_130938/references/job_002_ref.png]
2025-08-14 13:09:38,424 - utils.job_planner - INFO -   RenderJob(LOW #4, frames 41-82) [ref: output/prompt-runner/20250814_130938/references/job_002_ref.png]
2025-08-14 13:09:38,424 - utils.job_planner - INFO -   RenderJob(HIGH #5, frames 82-103) [ref: output/prompt-runner/20250814_130938/references/job_004_ref.png]
2025-08-14 13:09:38,424 - utils.job_planner - INFO -   RenderJob(LOW #6, frames 82-103) [ref: output/prompt-runner/20250814_130938/references/job_004_ref.png]
2025-08-14 13:09:38,425 - utils.job_planner - INFO - ----------------------------------------
2025-08-14 13:09:38,425 - utils.job_planner - INFO -   CombineJob(#1 for 2025-05-02_19-39-31_UTC): output/prompt-runner/20250814_130938/videos/job_002.mp4_00001.mp4 -> output/prompt-runner/20250814_130938/combined/combined_001.mp4
2025-08-14 13:09:38,425 - utils.job_planner - INFO -   CombineJob(#2 for 2025-05-02_19-39-31_UTC): output/prompt-runner/20250814_130938/videos/job_004.mp4_00001.mp4 + output/prompt-runner/20250814_130938/combined/combined_001.mp4_00001.mp4 -> output/prompt-runner/20250814_130938/combined/combined_002.mp4
2025-08-14 13:09:38,425 - utils.job_planner - INFO -   CombineJob(#3 for 2025-05-02_19-39-31_UTC): output/prompt-runner/20250814_130938/videos/job_006.mp4_00001.mp4 + output/prompt-runner/20250814_130938/combined/combined_002.mp4_00001.mp4 -> output/prompt-runner/20250814_130938/combined/combined_003.mp4
2025-08-14 13:09:38,425 - utils.job_planner - INFO - ============================================================
2025-08-14 13:09:38,428 - __main__ - INFO - 🔧 Generating workflows for dry-run analysis...
2025-08-14 13:09:38,428 - services.service_factory - INFO - 🗄️ Creating MockStorageManager for dry-run mode
2025-08-14 13:09:38,429 - services.mock_storage_manager - INFO - 🗄️ MockStorageManager initialized
2025-08-14 13:09:38,430 - services.workflow_manager - INFO - Loaded workflow from prompt.json
2025-08-14 13:09:38,431 - services.workflow_manager - INFO - Loaded workflow from combine.json
2025-08-14 13:09:38,431 - __main__ - WARNING - Could not generate combine workflow for job 1: '14'
2025-08-14 13:09:38,432 - services.workflow_manager - INFO - Created combine workflow for job #2
2025-08-14 13:09:38,432 - __main__ - WARNING - Could not generate combine workflow for job 2: 'MockStorageManager' object has no attribute 'save_runtime_workflow'
2025-08-14 13:09:38,432 - services.workflow_manager - INFO - Created combine workflow for job #3
2025-08-14 13:09:38,432 - __main__ - WARNING - Could not generate combine workflow for job 3: 'MockStorageManager' object has no attribute 'save_runtime_workflow'
2025-08-14 13:09:38,432 - __main__ - INFO - 🎭 DRY RUN - Jobs planned but not executed
2025-08-14 13:09:38,432 - __main__ - INFO - 📊 Render jobs: 6, Combine jobs: 3
2025-08-14 13:09:38,432 - __main__ - INFO - ================================================================================
2025-08-14 13:09:38,432 - __main__ - INFO - PROMPT RUNNER V2 - Complete
2025-08-14 13:09:38,432 - __main__ - INFO - Successful: 1
2025-08-14 13:09:38,432 - __main__ - INFO - Failed: 0
2025-08-14 13:09:38,433 - __main__ - INFO - ================================================================================
2025-08-14 13:09:38,480 - __main__ - INFO - Disk usage for last prompt: {'latents': 0.0, 'videos': 0.0, 'references': 0.0, 'combined': 0.0, 'final': 0.0, 'state': 0.0, 'total': 0.0, 'dry_run_temp': 2.117455005645752e-05}
2025-08-14 13:09:38,480 - __main__ - INFO - ================================================================================
2025-08-14 13:09:38,480 - __main__ - INFO - DRY-RUN SUMMARY
2025-08-14 13:09:38,481 - __main__ - INFO - ================================================================================
2025-08-14 13:09:38,481 - __main__ - INFO - 🗂️ Temp directory: N/A
2025-08-14 13:09:38,481 - __main__ - INFO - 📄 Workflows generated: 0
2025-08-14 13:09:38,481 - __main__ - INFO - ☁️ Simulated GCS uploads: 0
2025-08-14 13:09:38,481 - __main__ - INFO - 📁 Simulated file copies: 0
2025-08-14 13:09:38,481 - __main__ - INFO - ================================================================================
2025-08-14 13:09:38,481 - services.dry_run_manager - INFO - 🗂️ Dry-run files preserved at: output/dry-run/session_20250814_130938
2025-08-14 13:09:38,481 - services.dry_run_manager - INFO - 📊 Session contained 0 workflows and 0 HTTP payloads
2025-08-14 13:09:38,492 - services.dry_run_manager - INFO - 💾 Total dry-run output size: 0.02 MB
2025-08-14 13:09:38,492 - __main__ - INFO - RunPod instance will remain running
